{"/Users/georgeoboh/Documents/code/bestbefore-app-project/src/context/AuthContext.tsx": {"path":"/Users/georgeoboh/Documents/code/bestbefore-app-project/src/context/AuthContext.tsx","statementMap":{"0":{"start":{"line":70,"column":22},"end":{"line":70,"column":75}},"1":{"start":{"line":73,"column":24},"end":{"line":78,"column":10}},"2":{"start":{"line":81,"column":30},"end":{"line":121,"column":3}},"3":{"start":{"line":83,"column":28},"end":{"line":83,"column":64}},"4":{"start":{"line":84,"column":34},"end":{"line":84,"column":48}},"5":{"start":{"line":86,"column":4},"end":{"line":105,"column":11}},"6":{"start":{"line":88,"column":6},"end":{"line":91,"column":9}},"7":{"start":{"line":89,"column":8},"end":{"line":89,"column":39}},"8":{"start":{"line":90,"column":8},"end":{"line":90,"column":26}},"9":{"start":{"line":94,"column":33},"end":{"line":99,"column":7}},"10":{"start":{"line":96,"column":10},"end":{"line":96,"column":41}},"11":{"start":{"line":97,"column":10},"end":{"line":97,"column":28}},"12":{"start":{"line":102,"column":6},"end":{"line":104,"column":8}},"13":{"start":{"line":103,"column":8},"end":{"line":103,"column":44}},"14":{"start":{"line":108,"column":19},"end":{"line":109,"column":47}},"15":{"start":{"line":109,"column":6},"end":{"line":109,"column":47}},"16":{"start":{"line":110,"column":19},"end":{"line":111,"column":59}},"17":{"start":{"line":111,"column":6},"end":{"line":111,"column":59}},"18":{"start":{"line":112,"column":20},"end":{"line":112,"column":49}},"19":{"start":{"line":112,"column":26},"end":{"line":112,"column":49}},"20":{"start":{"line":114,"column":4},"end":{"line":120,"column":6}},"21":{"start":{"line":127,"column":25},"end":{"line":133,"column":3}},"22":{"start":{"line":128,"column":20},"end":{"line":128,"column":43}},"23":{"start":{"line":129,"column":4},"end":{"line":131,"column":5}},"24":{"start":{"line":130,"column":6},"end":{"line":130,"column":69}},"25":{"start":{"line":132,"column":4},"end":{"line":132,"column":19}}},"fnMap":{"0":{"name":"(anonymous_0)","decl":{"start":{"line":81,"column":30},"end":{"line":81,"column":31}},"loc":{"start":{"line":81,"column":73},"end":{"line":121,"column":3}},"line":81},"1":{"name":"(anonymous_1)","decl":{"start":{"line":86,"column":14},"end":{"line":86,"column":15}},"loc":{"start":{"line":86,"column":20},"end":{"line":105,"column":5}},"line":86},"2":{"name":"(anonymous_2)","decl":{"start":{"line":88,"column":38},"end":{"line":88,"column":39}},"loc":{"start":{"line":88,"column":65},"end":{"line":91,"column":7}},"line":88},"3":{"name":"(anonymous_3)","decl":{"start":{"line":95,"column":8},"end":{"line":95,"column":9}},"loc":{"start":{"line":95,"column":29},"end":{"line":98,"column":9}},"line":95},"4":{"name":"(anonymous_4)","decl":{"start":{"line":102,"column":13},"end":{"line":102,"column":14}},"loc":{"start":{"line":102,"column":19},"end":{"line":104,"column":7}},"line":102},"5":{"name":"(anonymous_5)","decl":{"start":{"line":108,"column":19},"end":{"line":108,"column":20}},"loc":{"start":{"line":109,"column":6},"end":{"line":109,"column":47}},"line":109},"6":{"name":"(anonymous_6)","decl":{"start":{"line":110,"column":19},"end":{"line":110,"column":20}},"loc":{"start":{"line":111,"column":6},"end":{"line":111,"column":59}},"line":111},"7":{"name":"(anonymous_7)","decl":{"start":{"line":112,"column":20},"end":{"line":112,"column":21}},"loc":{"start":{"line":112,"column":26},"end":{"line":112,"column":49}},"line":112},"8":{"name":"(anonymous_8)","decl":{"start":{"line":127,"column":25},"end":{"line":127,"column":26}},"loc":{"start":{"line":127,"column":48},"end":{"line":133,"column":3}},"line":127}},"branchMap":{"0":{"loc":{"start":{"line":89,"column":16},"end":{"line":89,"column":37}},"type":"binary-expr","locations":[{"start":{"line":89,"column":16},"end":{"line":89,"column":29}},{"start":{"line":89,"column":33},"end":{"line":89,"column":37}}],"line":89},"1":{"loc":{"start":{"line":96,"column":18},"end":{"line":96,"column":39}},"type":"binary-expr","locations":[{"start":{"line":96,"column":18},"end":{"line":96,"column":31}},{"start":{"line":96,"column":35},"end":{"line":96,"column":39}}],"line":96},"2":{"loc":{"start":{"line":129,"column":4},"end":{"line":131,"column":5}},"type":"if","locations":[{"start":{"line":129,"column":4},"end":{"line":131,"column":5}},{"start":{},"end":{}}],"line":129}},"s":{"0":2,"1":2,"2":2,"3":0,"4":0,"5":0,"6":0,"7":0,"8":0,"9":0,"10":0,"11":0,"12":0,"13":0,"14":0,"15":0,"16":0,"17":0,"18":0,"19":0,"20":0,"21":2,"22":0,"23":0,"24":0,"25":0},"f":{"0":0,"1":0,"2":0,"3":0,"4":0,"5":0,"6":0,"7":0,"8":0},"b":{"0":[0,0],"1":[0,0],"2":[0,0]},"_coverageSchema":"1a1c01bbd47fc00a2c39e90264f33305004495a9","hash":"f3aa1b9806c4c266524a57ae716e44d6802c3261"}
,"/Users/georgeoboh/Documents/code/bestbefore-app-project/src/context/ProductContext.tsx": {"path":"/Users/georgeoboh/Documents/code/bestbefore-app-project/src/context/ProductContext.tsx","statementMap":{"0":{"start":{"line":49,"column":23},"end":{"line":49,"column":79}},"1":{"start":{"line":51,"column":31},"end":{"line":173,"column":1}},"2":{"start":{"line":52,"column":19},"end":{"line":52,"column":28}},"3":{"start":{"line":53,"column":39},"end":{"line":53,"column":53}},"4":{"start":{"line":54,"column":34},"end":{"line":54,"column":57}},"5":{"start":{"line":55,"column":32},"end":{"line":55,"column":46}},"6":{"start":{"line":58,"column":81},"end":{"line":58,"column":99}},"7":{"start":{"line":64,"column":24},"end":{"line":102,"column":3}},"8":{"start":{"line":65,"column":4},"end":{"line":65,"column":21}},"9":{"start":{"line":66,"column":4},"end":{"line":101,"column":5}},"10":{"start":{"line":67,"column":6},"end":{"line":70,"column":7}},"11":{"start":{"line":68,"column":8},"end":{"line":68,"column":24}},"12":{"start":{"line":69,"column":8},"end":{"line":69,"column":15}},"13":{"start":{"line":72,"column":6},"end":{"line":72,"column":24}},"14":{"start":{"line":75,"column":30},"end":{"line":79,"column":50}},"15":{"start":{"line":81,"column":6},"end":{"line":84,"column":7}},"16":{"start":{"line":82,"column":8},"end":{"line":82,"column":53}},"17":{"start":{"line":83,"column":8},"end":{"line":83,"column":20}},"18":{"start":{"line":86,"column":6},"end":{"line":86,"column":24}},"19":{"start":{"line":89,"column":6},"end":{"line":95,"column":8}},"20":{"start":{"line":90,"column":8},"end":{"line":94,"column":10}},"21":{"start":{"line":97,"column":6},"end":{"line":97,"column":53}},"22":{"start":{"line":98,"column":6},"end":{"line":98,"column":22}},"23":{"start":{"line":100,"column":6},"end":{"line":100,"column":24}},"24":{"start":{"line":107,"column":21},"end":{"line":117,"column":3}},"25":{"start":{"line":108,"column":4},"end":{"line":108,"column":22}},"26":{"start":{"line":108,"column":15},"end":{"line":108,"column":22}},"27":{"start":{"line":109,"column":4},"end":{"line":109,"column":37}},"28":{"start":{"line":110,"column":22},"end":{"line":112,"column":44}},"29":{"start":{"line":113,"column":4},"end":{"line":115,"column":5}},"30":{"start":{"line":114,"column":6},"end":{"line":114,"column":73}},"31":{"start":{"line":116,"column":4},"end":{"line":116,"column":26}},"32":{"start":{"line":122,"column":24},"end":{"line":137,"column":3}},"33":{"start":{"line":126,"column":4},"end":{"line":126,"column":22}},"34":{"start":{"line":126,"column":15},"end":{"line":126,"column":22}},"35":{"start":{"line":127,"column":4},"end":{"line":127,"column":49}},"36":{"start":{"line":128,"column":22},"end":{"line":132,"column":29}},"37":{"start":{"line":133,"column":4},"end":{"line":135,"column":5}},"38":{"start":{"line":134,"column":6},"end":{"line":134,"column":76}},"39":{"start":{"line":136,"column":4},"end":{"line":136,"column":26}},"40":{"start":{"line":142,"column":24},"end":{"line":154,"column":3}},"41":{"start":{"line":143,"column":4},"end":{"line":143,"column":22}},"42":{"start":{"line":143,"column":15},"end":{"line":143,"column":22}},"43":{"start":{"line":144,"column":4},"end":{"line":144,"column":42}},"44":{"start":{"line":145,"column":22},"end":{"line":149,"column":29}},"45":{"start":{"line":150,"column":4},"end":{"line":152,"column":5}},"46":{"start":{"line":151,"column":6},"end":{"line":151,"column":76}},"47":{"start":{"line":153,"column":4},"end":{"line":153,"column":59}},"48":{"start":{"line":153,"column":26},"end":{"line":153,"column":57}},"49":{"start":{"line":153,"column":45},"end":{"line":153,"column":56}},"50":{"start":{"line":159,"column":2},"end":{"line":164,"column":13}},"51":{"start":{"line":160,"column":4},"end":{"line":163,"column":5}},"52":{"start":{"line":161,"column":6},"end":{"line":161,"column":63}},"53":{"start":{"line":162,"column":6},"end":{"line":162,"column":43}},"54":{"start":{"line":166,"column":2},"end":{"line":172,"column":4}},"55":{"start":{"line":175,"column":27},"end":{"line":181,"column":1}},"56":{"start":{"line":176,"column":18},"end":{"line":176,"column":44}},"57":{"start":{"line":177,"column":2},"end":{"line":179,"column":3}},"58":{"start":{"line":178,"column":4},"end":{"line":178,"column":73}},"59":{"start":{"line":180,"column":2},"end":{"line":180,"column":17}}},"fnMap":{"0":{"name":"(anonymous_0)","decl":{"start":{"line":51,"column":31},"end":{"line":51,"column":32}},"loc":{"start":{"line":51,"column":74},"end":{"line":173,"column":1}},"line":51},"1":{"name":"(anonymous_1)","decl":{"start":{"line":64,"column":24},"end":{"line":64,"column":25}},"loc":{"start":{"line":64,"column":36},"end":{"line":102,"column":3}},"line":64},"2":{"name":"(anonymous_2)","decl":{"start":{"line":89,"column":19},"end":{"line":89,"column":20}},"loc":{"start":{"line":90,"column":8},"end":{"line":94,"column":10}},"line":90},"3":{"name":"(anonymous_3)","decl":{"start":{"line":107,"column":21},"end":{"line":107,"column":22}},"loc":{"start":{"line":107,"column":73},"end":{"line":117,"column":3}},"line":107},"4":{"name":"(anonymous_4)","decl":{"start":{"line":122,"column":24},"end":{"line":122,"column":25}},"loc":{"start":{"line":125,"column":7},"end":{"line":137,"column":3}},"line":125},"5":{"name":"(anonymous_5)","decl":{"start":{"line":142,"column":24},"end":{"line":142,"column":25}},"loc":{"start":{"line":142,"column":46},"end":{"line":154,"column":3}},"line":142},"6":{"name":"(anonymous_6)","decl":{"start":{"line":153,"column":16},"end":{"line":153,"column":17}},"loc":{"start":{"line":153,"column":26},"end":{"line":153,"column":57}},"line":153},"7":{"name":"(anonymous_7)","decl":{"start":{"line":153,"column":38},"end":{"line":153,"column":39}},"loc":{"start":{"line":153,"column":45},"end":{"line":153,"column":56}},"line":153},"8":{"name":"(anonymous_8)","decl":{"start":{"line":159,"column":12},"end":{"line":159,"column":13}},"loc":{"start":{"line":159,"column":18},"end":{"line":164,"column":3}},"line":159},"9":{"name":"(anonymous_9)","decl":{"start":{"line":175,"column":27},"end":{"line":175,"column":28}},"loc":{"start":{"line":175,"column":53},"end":{"line":181,"column":1}},"line":175}},"branchMap":{"0":{"loc":{"start":{"line":67,"column":6},"end":{"line":70,"column":7}},"type":"if","locations":[{"start":{"line":67,"column":6},"end":{"line":70,"column":7}},{"start":{},"end":{}}],"line":67},"1":{"loc":{"start":{"line":81,"column":6},"end":{"line":84,"column":7}},"type":"if","locations":[{"start":{"line":81,"column":6},"end":{"line":84,"column":7}},{"start":{},"end":{}}],"line":81},"2":{"loc":{"start":{"line":108,"column":4},"end":{"line":108,"column":22}},"type":"if","locations":[{"start":{"line":108,"column":4},"end":{"line":108,"column":22}},{"start":{},"end":{}}],"line":108},"3":{"loc":{"start":{"line":113,"column":4},"end":{"line":115,"column":5}},"type":"if","locations":[{"start":{"line":113,"column":4},"end":{"line":115,"column":5}},{"start":{},"end":{}}],"line":113},"4":{"loc":{"start":{"line":126,"column":4},"end":{"line":126,"column":22}},"type":"if","locations":[{"start":{"line":126,"column":4},"end":{"line":126,"column":22}},{"start":{},"end":{}}],"line":126},"5":{"loc":{"start":{"line":133,"column":4},"end":{"line":135,"column":5}},"type":"if","locations":[{"start":{"line":133,"column":4},"end":{"line":135,"column":5}},{"start":{},"end":{}}],"line":133},"6":{"loc":{"start":{"line":143,"column":4},"end":{"line":143,"column":22}},"type":"if","locations":[{"start":{"line":143,"column":4},"end":{"line":143,"column":22}},{"start":{},"end":{}}],"line":143},"7":{"loc":{"start":{"line":150,"column":4},"end":{"line":152,"column":5}},"type":"if","locations":[{"start":{"line":150,"column":4},"end":{"line":152,"column":5}},{"start":{},"end":{}}],"line":150},"8":{"loc":{"start":{"line":160,"column":4},"end":{"line":163,"column":5}},"type":"if","locations":[{"start":{"line":160,"column":4},"end":{"line":163,"column":5}},{"start":{},"end":{}}],"line":160},"9":{"loc":{"start":{"line":177,"column":2},"end":{"line":179,"column":3}},"type":"if","locations":[{"start":{"line":177,"column":2},"end":{"line":179,"column":3}},{"start":{},"end":{}}],"line":177}},"s":{"0":1,"1":1,"2":0,"3":0,"4":0,"5":0,"6":0,"7":0,"8":0,"9":0,"10":0,"11":0,"12":0,"13":0,"14":0,"15":0,"16":0,"17":0,"18":0,"19":0,"20":0,"21":0,"22":0,"23":0,"24":0,"25":0,"26":0,"27":0,"28":0,"29":0,"30":0,"31":0,"32":0,"33":0,"34":0,"35":0,"36":0,"37":0,"38":0,"39":0,"40":0,"41":0,"42":0,"43":0,"44":0,"45":0,"46":0,"47":0,"48":0,"49":0,"50":0,"51":0,"52":0,"53":0,"54":0,"55":1,"56":0,"57":0,"58":0,"59":0},"f":{"0":0,"1":0,"2":0,"3":0,"4":0,"5":0,"6":0,"7":0,"8":0,"9":0},"b":{"0":[0,0],"1":[0,0],"2":[0,0],"3":[0,0],"4":[0,0],"5":[0,0],"6":[0,0],"7":[0,0],"8":[0,0],"9":[0,0]},"_coverageSchema":"1a1c01bbd47fc00a2c39e90264f33305004495a9","hash":"0af53d078bbb411e922695bad8984858cc737052"}
,"/Users/georgeoboh/Documents/code/bestbefore-app-project/src/context/SettingsContext.tsx": {"path":"/Users/georgeoboh/Documents/code/bestbefore-app-project/src/context/SettingsContext.tsx","statementMap":{"0":{"start":{"line":45,"column":26},"end":{"line":47,"column":3}},"1":{"start":{"line":50,"column":34},"end":{"line":107,"column":3}},"2":{"start":{"line":55,"column":21},"end":{"line":55,"column":30}},"3":{"start":{"line":56,"column":36},"end":{"line":56,"column":67}},"4":{"start":{"line":57,"column":34},"end":{"line":57,"column":48}},"5":{"start":{"line":60,"column":26},"end":{"line":80,"column":5}},"6":{"start":{"line":61,"column":6},"end":{"line":61,"column":24}},"7":{"start":{"line":61,"column":17},"end":{"line":61,"column":24}},"8":{"start":{"line":62,"column":6},"end":{"line":62,"column":23}},"9":{"start":{"line":63,"column":30},"end":{"line":67,"column":17}},"10":{"start":{"line":68,"column":6},"end":{"line":78,"column":7}},"11":{"start":{"line":70,"column":8},"end":{"line":72,"column":63}},"12":{"start":{"line":73,"column":8},"end":{"line":73,"column":47}},"13":{"start":{"line":74,"column":13},"end":{"line":78,"column":7}},"14":{"start":{"line":75,"column":8},"end":{"line":75,"column":20}},"15":{"start":{"line":77,"column":8},"end":{"line":77,"column":26}},"16":{"start":{"line":79,"column":6},"end":{"line":79,"column":24}},"17":{"start":{"line":83,"column":36},"end":{"line":93,"column":5}},"18":{"start":{"line":84,"column":6},"end":{"line":84,"column":24}},"19":{"start":{"line":84,"column":17},"end":{"line":84,"column":24}},"20":{"start":{"line":85,"column":6},"end":{"line":85,"column":23}},"21":{"start":{"line":86,"column":24},"end":{"line":89,"column":31}},"22":{"start":{"line":90,"column":6},"end":{"line":90,"column":29}},"23":{"start":{"line":90,"column":17},"end":{"line":90,"column":29}},"24":{"start":{"line":91,"column":6},"end":{"line":91,"column":48}},"25":{"start":{"line":92,"column":6},"end":{"line":92,"column":24}},"26":{"start":{"line":96,"column":4},"end":{"line":98,"column":15}},"27":{"start":{"line":97,"column":6},"end":{"line":97,"column":43}},"28":{"start":{"line":100,"column":4},"end":{"line":106,"column":6}},"29":{"start":{"line":113,"column":29},"end":{"line":121,"column":3}},"30":{"start":{"line":114,"column":20},"end":{"line":114,"column":47}},"31":{"start":{"line":115,"column":4},"end":{"line":119,"column":5}},"32":{"start":{"line":116,"column":6},"end":{"line":118,"column":8}},"33":{"start":{"line":120,"column":4},"end":{"line":120,"column":19}}},"fnMap":{"0":{"name":"(anonymous_0)","decl":{"start":{"line":50,"column":34},"end":{"line":50,"column":35}},"loc":{"start":{"line":54,"column":8},"end":{"line":107,"column":3}},"line":54},"1":{"name":"(anonymous_1)","decl":{"start":{"line":60,"column":26},"end":{"line":60,"column":27}},"loc":{"start":{"line":60,"column":38},"end":{"line":80,"column":5}},"line":60},"2":{"name":"(anonymous_2)","decl":{"start":{"line":83,"column":36},"end":{"line":83,"column":37}},"loc":{"start":{"line":83,"column":60},"end":{"line":93,"column":5}},"line":83},"3":{"name":"(anonymous_3)","decl":{"start":{"line":96,"column":14},"end":{"line":96,"column":15}},"loc":{"start":{"line":96,"column":20},"end":{"line":98,"column":5}},"line":96},"4":{"name":"(anonymous_4)","decl":{"start":{"line":113,"column":29},"end":{"line":113,"column":30}},"loc":{"start":{"line":113,"column":56},"end":{"line":121,"column":3}},"line":113}},"branchMap":{"0":{"loc":{"start":{"line":61,"column":6},"end":{"line":61,"column":24}},"type":"if","locations":[{"start":{"line":61,"column":6},"end":{"line":61,"column":24}},{"start":{},"end":{}}],"line":61},"1":{"loc":{"start":{"line":68,"column":6},"end":{"line":78,"column":7}},"type":"if","locations":[{"start":{"line":68,"column":6},"end":{"line":78,"column":7}},{"start":{"line":74,"column":13},"end":{"line":78,"column":7}}],"line":68},"2":{"loc":{"start":{"line":68,"column":10},"end":{"line":68,"column":44}},"type":"binary-expr","locations":[{"start":{"line":68,"column":10},"end":{"line":68,"column":15}},{"start":{"line":68,"column":19},"end":{"line":68,"column":44}}],"line":68},"3":{"loc":{"start":{"line":74,"column":13},"end":{"line":78,"column":7}},"type":"if","locations":[{"start":{"line":74,"column":13},"end":{"line":78,"column":7}},{"start":{"line":76,"column":13},"end":{"line":78,"column":7}}],"line":74},"4":{"loc":{"start":{"line":84,"column":6},"end":{"line":84,"column":24}},"type":"if","locations":[{"start":{"line":84,"column":6},"end":{"line":84,"column":24}},{"start":{},"end":{}}],"line":84},"5":{"loc":{"start":{"line":90,"column":6},"end":{"line":90,"column":29}},"type":"if","locations":[{"start":{"line":90,"column":6},"end":{"line":90,"column":29}},{"start":{},"end":{}}],"line":90},"6":{"loc":{"start":{"line":115,"column":4},"end":{"line":119,"column":5}},"type":"if","locations":[{"start":{"line":115,"column":4},"end":{"line":119,"column":5}},{"start":{},"end":{}}],"line":115}},"s":{"0":1,"1":1,"2":0,"3":0,"4":0,"5":0,"6":0,"7":0,"8":0,"9":0,"10":0,"11":0,"12":0,"13":0,"14":0,"15":0,"16":0,"17":0,"18":0,"19":0,"20":0,"21":0,"22":0,"23":0,"24":0,"25":0,"26":0,"27":0,"28":0,"29":1,"30":0,"31":0,"32":0,"33":0},"f":{"0":0,"1":0,"2":0,"3":0,"4":0},"b":{"0":[0,0],"1":[0,0],"2":[0,0],"3":[0,0],"4":[0,0],"5":[0,0],"6":[0,0]},"_coverageSchema":"1a1c01bbd47fc00a2c39e90264f33305004495a9","hash":"f491fe64b7edec74ed58f2266580b2b7e4315241"}
,"/Users/georgeoboh/Documents/code/bestbefore-app-project/src/data/mockProducts.ts": {"path":"/Users/georgeoboh/Documents/code/bestbefore-app-project/src/data/mockProducts.ts","statementMap":{"0":{"start":{"line":8,"column":39},"end":{"line":55,"column":1}}},"fnMap":{},"branchMap":{},"s":{"0":1},"f":{},"b":{},"_coverageSchema":"1a1c01bbd47fc00a2c39e90264f33305004495a9","hash":"524daa5b2d7fc48324a7838744bcf23c3d4a6723"}
,"/Users/georgeoboh/Documents/code/bestbefore-app-project/src/hooks/useBarcodeLookup.ts": {"path":"/Users/georgeoboh/Documents/code/bestbefore-app-project/src/hooks/useBarcodeLookup.ts","statementMap":{"0":{"start":{"line":45,"column":32},"end":{"line":45,"column":56}},"1":{"start":{"line":46,"column":28},"end":{"line":46,"column":57}},"2":{"start":{"line":55,"column":4},"end":{"line":55,"column":21}},"3":{"start":{"line":56,"column":4},"end":{"line":56,"column":19}},"4":{"start":{"line":58,"column":4},"end":{"line":85,"column":5}},"5":{"start":{"line":59,"column":23},"end":{"line":61,"column":7}},"6":{"start":{"line":62,"column":6},"end":{"line":64,"column":7}},"7":{"start":{"line":63,"column":8},"end":{"line":63,"column":76}},"8":{"start":{"line":65,"column":19},"end":{"line":65,"column":40}},"9":{"start":{"line":67,"column":6},"end":{"line":78,"column":7}},"10":{"start":{"line":68,"column":24},"end":{"line":68,"column":36}},"11":{"start":{"line":69,"column":36},"end":{"line":74,"column":9}},"12":{"start":{"line":75,"column":8},"end":{"line":75,"column":47}},"13":{"start":{"line":77,"column":8},"end":{"line":77,"column":63}},"14":{"start":{"line":80,"column":22},"end":{"line":80,"column":75}},"15":{"start":{"line":81,"column":6},"end":{"line":81,"column":24}},"16":{"start":{"line":82,"column":6},"end":{"line":82,"column":48}},"17":{"start":{"line":84,"column":6},"end":{"line":84,"column":24}},"18":{"start":{"line":88,"column":2},"end":{"line":88,"column":43}}},"fnMap":{"0":{"name":"useBarcodeLookup","decl":{"start":{"line":44,"column":16},"end":{"line":44,"column":32}},"loc":{"start":{"line":44,"column":35},"end":{"line":89,"column":1}},"line":44},"1":{"name":"lookupBarcode","decl":{"start":{"line":54,"column":17},"end":{"line":54,"column":30}},"loc":{"start":{"line":54,"column":78},"end":{"line":86,"column":3}},"line":54}},"branchMap":{"0":{"loc":{"start":{"line":62,"column":6},"end":{"line":64,"column":7}},"type":"if","locations":[{"start":{"line":62,"column":6},"end":{"line":64,"column":7}},{"start":{},"end":{}}],"line":62},"1":{"loc":{"start":{"line":67,"column":6},"end":{"line":78,"column":7}},"type":"if","locations":[{"start":{"line":67,"column":6},"end":{"line":78,"column":7}},{"start":{"line":76,"column":13},"end":{"line":78,"column":7}}],"line":67},"2":{"loc":{"start":{"line":67,"column":10},"end":{"line":67,"column":43}},"type":"binary-expr","locations":[{"start":{"line":67,"column":10},"end":{"line":67,"column":27}},{"start":{"line":67,"column":31},"end":{"line":67,"column":43}}],"line":67},"3":{"loc":{"start":{"line":70,"column":23},"end":{"line":70,"column":49}},"type":"binary-expr","locations":[{"start":{"line":70,"column":23},"end":{"line":70,"column":43}},{"start":{"line":70,"column":47},"end":{"line":70,"column":49}}],"line":70},"4":{"loc":{"start":{"line":71,"column":22},"end":{"line":71,"column":51}},"type":"binary-expr","locations":[{"start":{"line":71,"column":22},"end":{"line":71,"column":45}},{"start":{"line":71,"column":49},"end":{"line":71,"column":51}}],"line":71},"5":{"loc":{"start":{"line":72,"column":20},"end":{"line":72,"column":83}},"type":"binary-expr","locations":[{"start":{"line":72,"column":20},"end":{"line":72,"column":49}},{"start":{"line":72,"column":53},"end":{"line":72,"column":70}},{"start":{"line":72,"column":74},"end":{"line":72,"column":83}}],"line":72},"6":{"loc":{"start":{"line":73,"column":18},"end":{"line":73,"column":45}},"type":"binary-expr","locations":[{"start":{"line":73,"column":18},"end":{"line":73,"column":32}},{"start":{"line":73,"column":36},"end":{"line":73,"column":45}}],"line":73},"7":{"loc":{"start":{"line":80,"column":22},"end":{"line":80,"column":75}},"type":"binary-expr","locations":[{"start":{"line":80,"column":22},"end":{"line":80,"column":33}},{"start":{"line":80,"column":37},"end":{"line":80,"column":75}}],"line":80}},"s":{"0":6,"1":6,"2":3,"3":3,"4":3,"5":3,"6":2,"7":0,"8":2,"9":2,"10":1,"11":1,"12":1,"13":1,"14":1,"15":1,"16":1,"17":3,"18":6},"f":{"0":6,"1":3},"b":{"0":[0,2],"1":[1,1],"2":[2,1],"3":[1,0],"4":[1,0],"5":[1,0,0],"6":[1,0],"7":[1,0]},"_coverageSchema":"1a1c01bbd47fc00a2c39e90264f33305004495a9","hash":"0670e6abf7ebd04cba3a505c0f00fc9966ed5adb"}
,"/Users/georgeoboh/Documents/code/bestbefore-app-project/src/hooks/useNotifications.ts": {"path":"/Users/georgeoboh/Documents/code/bestbefore-app-project/src/hooks/useNotifications.ts","statementMap":{"0":{"start":{"line":34,"column":23},"end":{"line":34,"column":36}},"1":{"start":{"line":44,"column":39},"end":{"line":44,"column":80}},"2":{"start":{"line":45,"column":22},"end":{"line":45,"column":36}},"3":{"start":{"line":47,"column":4},"end":{"line":50,"column":5}},"4":{"start":{"line":48,"column":25},"end":{"line":48,"column":70}},"5":{"start":{"line":49,"column":6},"end":{"line":49,"column":27}},"6":{"start":{"line":51,"column":4},"end":{"line":54,"column":5}},"7":{"start":{"line":52,"column":6},"end":{"line":52,"column":63}},"8":{"start":{"line":53,"column":6},"end":{"line":53,"column":23}},"9":{"start":{"line":56,"column":22},"end":{"line":56,"column":65}},"10":{"start":{"line":57,"column":18},"end":{"line":57,"column":32}},"11":{"start":{"line":59,"column":4},"end":{"line":66,"column":5}},"12":{"start":{"line":60,"column":6},"end":{"line":65,"column":9}},"13":{"start":{"line":67,"column":4},"end":{"line":67,"column":52}},"14":{"start":{"line":68,"column":4},"end":{"line":68,"column":17}},"15":{"start":{"line":83,"column":38},"end":{"line":83,"column":40}},"16":{"start":{"line":84,"column":4},"end":{"line":87,"column":5}},"17":{"start":{"line":85,"column":6},"end":{"line":85,"column":73}},"18":{"start":{"line":86,"column":6},"end":{"line":86,"column":29}},"19":{"start":{"line":89,"column":26},"end":{"line":89,"column":75}},"20":{"start":{"line":91,"column":18},"end":{"line":91,"column":26}},"21":{"start":{"line":92,"column":4},"end":{"line":116,"column":5}},"22":{"start":{"line":93,"column":6},"end":{"line":115,"column":7}},"23":{"start":{"line":95,"column":28},"end":{"line":100,"column":19}},"24":{"start":{"line":102,"column":8},"end":{"line":104,"column":9}},"25":{"start":{"line":103,"column":10},"end":{"line":103,"column":19}},"26":{"start":{"line":106,"column":31},"end":{"line":113,"column":10}},"27":{"start":{"line":114,"column":8},"end":{"line":114,"column":45}},"28":{"start":{"line":117,"column":4},"end":{"line":117,"column":95}},"29":{"start":{"line":118,"column":4},"end":{"line":118,"column":27}},"30":{"start":{"line":121,"column":2},"end":{"line":124,"column":4}}},"fnMap":{"0":{"name":"useNotifications","decl":{"start":{"line":33,"column":16},"end":{"line":33,"column":32}},"loc":{"start":{"line":33,"column":35},"end":{"line":125,"column":1}},"line":33},"1":{"name":"registerForPushNotificationsAsync","decl":{"start":{"line":42,"column":17},"end":{"line":42,"column":50}},"loc":{"start":{"line":42,"column":82},"end":{"line":69,"column":3}},"line":42},"2":{"name":"scheduleNotificationsForProduct","decl":{"start":{"line":78,"column":17},"end":{"line":78,"column":48}},"loc":{"start":{"line":82,"column":24},"end":{"line":119,"column":3}},"line":82}},"branchMap":{"0":{"loc":{"start":{"line":47,"column":4},"end":{"line":50,"column":5}},"type":"if","locations":[{"start":{"line":47,"column":4},"end":{"line":50,"column":5}},{"start":{},"end":{}}],"line":47},"1":{"loc":{"start":{"line":51,"column":4},"end":{"line":54,"column":5}},"type":"if","locations":[{"start":{"line":51,"column":4},"end":{"line":54,"column":5}},{"start":{},"end":{}}],"line":51},"2":{"loc":{"start":{"line":59,"column":4},"end":{"line":66,"column":5}},"type":"if","locations":[{"start":{"line":59,"column":4},"end":{"line":66,"column":5}},{"start":{},"end":{}}],"line":59},"3":{"loc":{"start":{"line":84,"column":4},"end":{"line":87,"column":5}},"type":"if","locations":[{"start":{"line":84,"column":4},"end":{"line":87,"column":5}},{"start":{},"end":{}}],"line":84},"4":{"loc":{"start":{"line":102,"column":8},"end":{"line":104,"column":9}},"type":"if","locations":[{"start":{"line":102,"column":8},"end":{"line":104,"column":9}},{"start":{},"end":{}}],"line":102}},"s":{"0":0,"1":0,"2":0,"3":0,"4":0,"5":0,"6":0,"7":0,"8":0,"9":0,"10":0,"11":0,"12":0,"13":0,"14":0,"15":0,"16":0,"17":0,"18":0,"19":0,"20":0,"21":0,"22":0,"23":0,"24":0,"25":0,"26":0,"27":0,"28":0,"29":0,"30":0},"f":{"0":0,"1":0,"2":0},"b":{"0":[0,0],"1":[0,0],"2":[0,0],"3":[0,0],"4":[0,0]},"_coverageSchema":"1a1c01bbd47fc00a2c39e90264f33305004495a9","hash":"b03f543cf7676ca0e75c737b1b177fc97059e8ab"}
,"/Users/georgeoboh/Documents/code/bestbefore-app-project/src/hooks/useProducts.ts": {"path":"/Users/georgeoboh/Documents/code/bestbefore-app-project/src/hooks/useProducts.ts","statementMap":{"0":{"start":{"line":18,"column":58},"end":{"line":24,"column":1}},"1":{"start":{"line":44,"column":16},"end":{"line":44,"column":120}},"2":{"start":{"line":45,"column":2},"end":{"line":53,"column":4}},"3":{"start":{"line":63,"column":18},"end":{"line":63,"column":38}},"4":{"start":{"line":66,"column":19},"end":{"line":68,"column":18}},"5":{"start":{"line":70,"column":2},"end":{"line":73,"column":4}}},"fnMap":{"0":{"name":"mapToUIProduct","decl":{"start":{"line":43,"column":9},"end":{"line":43,"column":23}},"loc":{"start":{"line":43,"column":52},"end":{"line":54,"column":1}},"line":43},"1":{"name":"useProducts","decl":{"start":{"line":62,"column":16},"end":{"line":62,"column":27}},"loc":{"start":{"line":62,"column":30},"end":{"line":74,"column":1}},"line":62}},"branchMap":{"0":{"loc":{"start":{"line":44,"column":16},"end":{"line":44,"column":120}},"type":"cond-expr","locations":[{"start":{"line":44,"column":55},"end":{"line":44,"column":78}},{"start":{"line":44,"column":81},"end":{"line":44,"column":120}}],"line":44},"1":{"loc":{"start":{"line":44,"column":16},"end":{"line":44,"column":52}},"type":"binary-expr","locations":[{"start":{"line":44,"column":16},"end":{"line":44,"column":25}},{"start":{"line":44,"column":29},"end":{"line":44,"column":52}}],"line":44},"2":{"loc":{"start":{"line":50,"column":13},"end":{"line":50,"column":28}},"type":"binary-expr","locations":[{"start":{"line":50,"column":13},"end":{"line":50,"column":22}},{"start":{"line":50,"column":26},"end":{"line":50,"column":28}}],"line":50},"3":{"loc":{"start":{"line":52,"column":13},"end":{"line":52,"column":28}},"type":"binary-expr","locations":[{"start":{"line":52,"column":13},"end":{"line":52,"column":22}},{"start":{"line":52,"column":26},"end":{"line":52,"column":28}}],"line":52},"4":{"loc":{"start":{"line":66,"column":19},"end":{"line":68,"column":18}},"type":"cond-expr","locations":[{"start":{"line":67,"column":6},"end":{"line":67,"column":42}},{"start":{"line":68,"column":6},"end":{"line":68,"column":18}}],"line":66},"5":{"loc":{"start":{"line":66,"column":19},"end":{"line":66,"column":66}},"type":"binary-expr","locations":[{"start":{"line":66,"column":19},"end":{"line":66,"column":35}},{"start":{"line":66,"column":39},"end":{"line":66,"column":66}}],"line":66}},"s":{"0":1,"1":2,"2":2,"3":3,"4":3,"5":3},"f":{"0":2,"1":3},"b":{"0":[2,0],"1":[2,2],"2":[2,0],"3":[2,0],"4":[2,1],"5":[3,2]},"_coverageSchema":"1a1c01bbd47fc00a2c39e90264f33305004495a9","hash":"848032a47beeb1e699f58bda668d103b43014b0f"}
,"/Users/georgeoboh/Documents/code/bestbefore-app-project/src/hooks/useSyncQueue.ts": {"path":"/Users/georgeoboh/Documents/code/bestbefore-app-project/src/hooks/useSyncQueue.ts","statementMap":{"0":{"start":{"line":26,"column":20},"end":{"line":26,"column":43}},"1":{"start":{"line":44,"column":19},"end":{"line":44,"column":28}},"2":{"start":{"line":50,"column":4},"end":{"line":56,"column":5}},"3":{"start":{"line":51,"column":19},"end":{"line":51,"column":58}},"4":{"start":{"line":52,"column":6},"end":{"line":52,"column":42}},"5":{"start":{"line":54,"column":6},"end":{"line":54,"column":54}},"6":{"start":{"line":55,"column":6},"end":{"line":55,"column":16}},"7":{"start":{"line":63,"column":4},"end":{"line":67,"column":5}},"8":{"start":{"line":64,"column":6},"end":{"line":64,"column":69}},"9":{"start":{"line":66,"column":6},"end":{"line":66,"column":53}},"10":{"start":{"line":76,"column":18},"end":{"line":76,"column":34}},"11":{"start":{"line":77,"column":30},"end":{"line":83,"column":5}},"12":{"start":{"line":84,"column":4},"end":{"line":84,"column":22}},"13":{"start":{"line":85,"column":4},"end":{"line":85,"column":27}},"14":{"start":{"line":86,"column":4},"end":{"line":86,"column":52}},"15":{"start":{"line":94,"column":4},"end":{"line":97,"column":5}},"16":{"start":{"line":95,"column":6},"end":{"line":95,"column":51}},"17":{"start":{"line":96,"column":6},"end":{"line":96,"column":13}},"18":{"start":{"line":98,"column":18},"end":{"line":98,"column":34}},"19":{"start":{"line":99,"column":4},"end":{"line":101,"column":5}},"20":{"start":{"line":100,"column":6},"end":{"line":100,"column":13}},"21":{"start":{"line":103,"column":4},"end":{"line":103,"column":61}},"22":{"start":{"line":104,"column":4},"end":{"line":143,"column":5}},"23":{"start":{"line":105,"column":24},"end":{"line":105,"column":28}},"24":{"start":{"line":106,"column":6},"end":{"line":138,"column":7}},"25":{"start":{"line":107,"column":36},"end":{"line":107,"column":41}},"26":{"start":{"line":108,"column":8},"end":{"line":133,"column":9}},"27":{"start":{"line":111,"column":12},"end":{"line":113,"column":56}},"28":{"start":{"line":114,"column":12},"end":{"line":114,"column":18}},"29":{"start":{"line":117,"column":12},"end":{"line":121,"column":38}},"30":{"start":{"line":122,"column":12},"end":{"line":122,"column":18}},"31":{"start":{"line":125,"column":12},"end":{"line":129,"column":38}},"32":{"start":{"line":130,"column":12},"end":{"line":130,"column":18}},"33":{"start":{"line":132,"column":12},"end":{"line":132,"column":74}},"34":{"start":{"line":135,"column":8},"end":{"line":135,"column":26}},"35":{"start":{"line":136,"column":8},"end":{"line":136,"column":58}},"36":{"start":{"line":137,"column":8},"end":{"line":137,"column":14}},"37":{"start":{"line":139,"column":6},"end":{"line":142,"column":7}},"38":{"start":{"line":141,"column":8},"end":{"line":141,"column":15}},"39":{"start":{"line":146,"column":4},"end":{"line":151,"column":5}},"40":{"start":{"line":147,"column":6},"end":{"line":147,"column":49}},"41":{"start":{"line":148,"column":6},"end":{"line":148,"column":40}},"42":{"start":{"line":150,"column":6},"end":{"line":150,"column":56}},"43":{"start":{"line":154,"column":2},"end":{"line":157,"column":4}}},"fnMap":{"0":{"name":"useSyncQueue","decl":{"start":{"line":43,"column":16},"end":{"line":43,"column":28}},"loc":{"start":{"line":43,"column":31},"end":{"line":158,"column":1}},"line":43},"1":{"name":"getQueue","decl":{"start":{"line":49,"column":17},"end":{"line":49,"column":25}},"loc":{"start":{"line":49,"column":51},"end":{"line":57,"column":3}},"line":49},"2":{"name":"saveQueue","decl":{"start":{"line":62,"column":17},"end":{"line":62,"column":26}},"loc":{"start":{"line":62,"column":63},"end":{"line":68,"column":3}},"line":62},"3":{"name":"enqueueAction","decl":{"start":{"line":75,"column":17},"end":{"line":75,"column":30}},"loc":{"start":{"line":75,"column":81},"end":{"line":87,"column":3}},"line":75},"4":{"name":"syncQueue","decl":{"start":{"line":93,"column":17},"end":{"line":93,"column":26}},"loc":{"start":{"line":93,"column":44},"end":{"line":152,"column":3}},"line":93}},"branchMap":{"0":{"loc":{"start":{"line":52,"column":13},"end":{"line":52,"column":41}},"type":"cond-expr","locations":[{"start":{"line":52,"column":20},"end":{"line":52,"column":36}},{"start":{"line":52,"column":39},"end":{"line":52,"column":41}}],"line":52},"1":{"loc":{"start":{"line":94,"column":4},"end":{"line":97,"column":5}},"type":"if","locations":[{"start":{"line":94,"column":4},"end":{"line":97,"column":5}},{"start":{},"end":{}}],"line":94},"2":{"loc":{"start":{"line":99,"column":4},"end":{"line":101,"column":5}},"type":"if","locations":[{"start":{"line":99,"column":4},"end":{"line":101,"column":5}},{"start":{},"end":{}}],"line":99},"3":{"loc":{"start":{"line":108,"column":8},"end":{"line":133,"column":9}},"type":"switch","locations":[{"start":{"line":109,"column":10},"end":{"line":114,"column":18}},{"start":{"line":115,"column":10},"end":{"line":122,"column":18}},{"start":{"line":123,"column":10},"end":{"line":130,"column":18}},{"start":{"line":131,"column":10},"end":{"line":132,"column":74}}],"line":108},"4":{"loc":{"start":{"line":139,"column":6},"end":{"line":142,"column":7}},"type":"if","locations":[{"start":{"line":139,"column":6},"end":{"line":142,"column":7}},{"start":{},"end":{}}],"line":139}},"s":{"0":2,"1":6,"2":5,"3":5,"4":5,"5":0,"6":0,"7":3,"8":3,"9":0,"10":3,"11":3,"12":3,"13":3,"14":3,"15":3,"16":1,"17":1,"18":2,"19":2,"20":0,"21":2,"22":2,"23":2,"24":2,"25":2,"26":2,"27":2,"28":1,"29":0,"30":0,"31":0,"32":0,"33":0,"34":1,"35":1,"36":1,"37":1,"38":0,"39":2,"40":2,"41":2,"42":0,"43":6},"f":{"0":6,"1":5,"2":3,"3":3,"4":3},"b":{"0":[2,3],"1":[1,2],"2":[0,2],"3":[2,0,0,0],"4":[0,1]},"_coverageSchema":"1a1c01bbd47fc00a2c39e90264f33305004495a9","hash":"57591f6ec10d49a93309927d96c2dcb4693910e7"}
}
