TN:
SF:src/context/AuthContext.tsx
FN:81,(anonymous_0)
FN:86,(anonymous_1)
FN:88,(anonymous_2)
FN:95,(anonymous_3)
FN:102,(anonymous_4)
FN:108,(anonymous_5)
FN:110,(anonymous_6)
FN:112,(anonymous_7)
FN:127,(anonymous_8)
FNF:9
FNH:0
FNDA:0,(anonymous_0)
FNDA:0,(anonymous_1)
FNDA:0,(anonymous_2)
FNDA:0,(anonymous_3)
FNDA:0,(anonymous_4)
FNDA:0,(anonymous_5)
FNDA:0,(anonymous_6)
FNDA:0,(anonymous_7)
FNDA:0,(anonymous_8)
DA:70,2
DA:73,2
DA:81,2
DA:83,0
DA:84,0
DA:86,0
DA:88,0
DA:89,0
DA:90,0
DA:94,0
DA:96,0
DA:97,0
DA:102,0
DA:103,0
DA:108,0
DA:109,0
DA:110,0
DA:111,0
DA:112,0
DA:114,0
DA:127,2
DA:128,0
DA:129,0
DA:130,0
DA:132,0
LF:25
LH:4
BRDA:89,0,0,0
BRDA:89,0,1,0
BRDA:96,1,0,0
BRDA:96,1,1,0
BRDA:129,2,0,0
BRDA:129,2,1,0
BRF:6
BRH:0
end_of_record
TN:
SF:src/context/ProductContext.tsx
FN:51,(anonymous_0)
FN:64,(anonymous_1)
FN:89,(anonymous_2)
FN:107,(anonymous_3)
FN:122,(anonymous_4)
FN:142,(anonymous_5)
FN:153,(anonymous_6)
FN:153,(anonymous_7)
FN:159,(anonymous_8)
FN:175,(anonymous_9)
FNF:10
FNH:0
FNDA:0,(anonymous_0)
FNDA:0,(anonymous_1)
FNDA:0,(anonymous_2)
FNDA:0,(anonymous_3)
FNDA:0,(anonymous_4)
FNDA:0,(anonymous_5)
FNDA:0,(anonymous_6)
FNDA:0,(anonymous_7)
FNDA:0,(anonymous_8)
FNDA:0,(anonymous_9)
DA:49,1
DA:51,1
DA:52,0
DA:53,0
DA:54,0
DA:55,0
DA:58,0
DA:64,0
DA:65,0
DA:66,0
DA:67,0
DA:68,0
DA:69,0
DA:72,0
DA:75,0
DA:81,0
DA:82,0
DA:83,0
DA:86,0
DA:89,0
DA:90,0
DA:97,0
DA:98,0
DA:100,0
DA:107,0
DA:108,0
DA:109,0
DA:110,0
DA:113,0
DA:114,0
DA:116,0
DA:122,0
DA:126,0
DA:127,0
DA:128,0
DA:133,0
DA:134,0
DA:136,0
DA:142,0
DA:143,0
DA:144,0
DA:145,0
DA:150,0
DA:151,0
DA:153,0
DA:159,0
DA:160,0
DA:161,0
DA:162,0
DA:166,0
DA:175,1
DA:176,0
DA:177,0
DA:178,0
DA:180,0
LF:55
LH:3
BRDA:67,0,0,0
BRDA:67,0,1,0
BRDA:81,1,0,0
BRDA:81,1,1,0
BRDA:108,2,0,0
BRDA:108,2,1,0
BRDA:113,3,0,0
BRDA:113,3,1,0
BRDA:126,4,0,0
BRDA:126,4,1,0
BRDA:133,5,0,0
BRDA:133,5,1,0
BRDA:143,6,0,0
BRDA:143,6,1,0
BRDA:150,7,0,0
BRDA:150,7,1,0
BRDA:160,8,0,0
BRDA:160,8,1,0
BRDA:177,9,0,0
BRDA:177,9,1,0
BRF:20
BRH:0
end_of_record
TN:
SF:src/context/SettingsContext.tsx
FN:50,(anonymous_0)
FN:60,(anonymous_1)
FN:83,(anonymous_2)
FN:96,(anonymous_3)
FN:113,(anonymous_4)
FNF:5
FNH:0
FNDA:0,(anonymous_0)
FNDA:0,(anonymous_1)
FNDA:0,(anonymous_2)
FNDA:0,(anonymous_3)
FNDA:0,(anonymous_4)
DA:45,1
DA:50,1
DA:55,0
DA:56,0
DA:57,0
DA:60,0
DA:61,0
DA:62,0
DA:63,0
DA:68,0
DA:70,0
DA:73,0
DA:74,0
DA:75,0
DA:77,0
DA:79,0
DA:83,0
DA:84,0
DA:85,0
DA:86,0
DA:90,0
DA:91,0
DA:92,0
DA:96,0
DA:97,0
DA:100,0
DA:113,1
DA:114,0
DA:115,0
DA:116,0
DA:120,0
LF:31
LH:3
BRDA:61,0,0,0
BRDA:61,0,1,0
BRDA:68,1,0,0
BRDA:68,1,1,0
BRDA:68,2,0,0
BRDA:68,2,1,0
BRDA:74,3,0,0
BRDA:74,3,1,0
BRDA:84,4,0,0
BRDA:84,4,1,0
BRDA:90,5,0,0
BRDA:90,5,1,0
BRDA:115,6,0,0
BRDA:115,6,1,0
BRF:14
BRH:0
end_of_record
TN:
SF:src/data/mockProducts.ts
FNF:0
FNH:0
DA:8,1
LF:1
LH:1
BRF:0
BRH:0
end_of_record
TN:
SF:src/hooks/useBarcodeLookup.ts
FN:44,useBarcodeLookup
FN:54,lookupBarcode
FNF:2
FNH:2
FNDA:6,useBarcodeLookup
FNDA:3,lookupBarcode
DA:45,6
DA:46,6
DA:55,3
DA:56,3
DA:58,3
DA:59,3
DA:62,2
DA:63,0
DA:65,2
DA:67,2
DA:68,1
DA:69,1
DA:75,1
DA:77,1
DA:80,1
DA:81,1
DA:82,1
DA:84,3
DA:88,6
LF:19
LH:18
BRDA:62,0,0,0
BRDA:62,0,1,2
BRDA:67,1,0,1
BRDA:67,1,1,1
BRDA:67,2,0,2
BRDA:67,2,1,1
BRDA:70,3,0,1
BRDA:70,3,1,0
BRDA:71,4,0,1
BRDA:71,4,1,0
BRDA:72,5,0,1
BRDA:72,5,1,0
BRDA:72,5,2,0
BRDA:73,6,0,1
BRDA:73,6,1,0
BRDA:80,7,0,1
BRDA:80,7,1,0
BRF:17
BRH:10
end_of_record
TN:
SF:src/hooks/useNotifications.ts
FN:33,useNotifications
FN:42,registerForPushNotificationsAsync
FN:78,scheduleNotificationsForProduct
FNF:3
FNH:0
FNDA:0,useNotifications
FNDA:0,registerForPushNotificationsAsync
FNDA:0,scheduleNotificationsForProduct
DA:34,0
DA:44,0
DA:45,0
DA:47,0
DA:48,0
DA:49,0
DA:51,0
DA:52,0
DA:53,0
DA:56,0
DA:57,0
DA:59,0
DA:60,0
DA:67,0
DA:68,0
DA:83,0
DA:84,0
DA:85,0
DA:86,0
DA:89,0
DA:91,0
DA:92,0
DA:93,0
DA:95,0
DA:102,0
DA:103,0
DA:106,0
DA:114,0
DA:117,0
DA:118,0
DA:121,0
LF:31
LH:0
BRDA:47,0,0,0
BRDA:47,0,1,0
BRDA:51,1,0,0
BRDA:51,1,1,0
BRDA:59,2,0,0
BRDA:59,2,1,0
BRDA:84,3,0,0
BRDA:84,3,1,0
BRDA:102,4,0,0
BRDA:102,4,1,0
BRF:10
BRH:0
end_of_record
TN:
SF:src/hooks/useProducts.ts
FN:43,mapToUIProduct
FN:62,useProducts
FNF:2
FNH:2
FNDA:2,mapToUIProduct
FNDA:3,useProducts
DA:18,1
DA:44,2
DA:45,2
DA:63,3
DA:66,3
DA:70,3
LF:6
LH:6
BRDA:44,0,0,2
BRDA:44,0,1,0
BRDA:44,1,0,2
BRDA:44,1,1,2
BRDA:50,2,0,2
BRDA:50,2,1,0
BRDA:52,3,0,2
BRDA:52,3,1,0
BRDA:66,4,0,2
BRDA:66,4,1,1
BRDA:66,5,0,3
BRDA:66,5,1,2
BRF:12
BRH:9
end_of_record
TN:
SF:src/hooks/useSyncQueue.ts
FN:43,useSyncQueue
FN:49,getQueue
FN:62,saveQueue
FN:75,enqueueAction
FN:93,syncQueue
FNF:5
FNH:5
FNDA:6,useSyncQueue
FNDA:5,getQueue
FNDA:3,saveQueue
FNDA:3,enqueueAction
FNDA:3,syncQueue
DA:26,2
DA:44,6
DA:50,5
DA:51,5
DA:52,5
DA:54,0
DA:55,0
DA:63,3
DA:64,3
DA:66,0
DA:76,3
DA:77,3
DA:84,3
DA:85,3
DA:86,3
DA:94,3
DA:95,1
DA:96,1
DA:98,2
DA:99,2
DA:100,0
DA:103,2
DA:104,2
DA:105,2
DA:106,2
DA:107,2
DA:108,2
DA:111,2
DA:114,1
DA:117,0
DA:122,0
DA:125,0
DA:130,0
DA:132,0
DA:135,1
DA:136,1
DA:137,1
DA:139,1
DA:141,0
DA:146,2
DA:147,2
DA:148,2
DA:150,0
DA:154,6
LF:44
LH:33
BRDA:52,0,0,2
BRDA:52,0,1,3
BRDA:94,1,0,1
BRDA:94,1,1,2
BRDA:99,2,0,0
BRDA:99,2,1,2
BRDA:108,3,0,2
BRDA:108,3,1,0
BRDA:108,3,2,0
BRDA:108,3,3,0
BRDA:139,4,0,0
BRDA:139,4,1,1
BRF:12
BRH:7
end_of_record
